LINK : warning LNK4098: la biblioteca predeterminada'MSVCRTD' entra en conflicto con otras bibliotecas; use la biblioteca /NODEFAULTLIB:biblioteca
  Generando código
  0 of 146 functions ( 0.0%) were compiled, the rest were copied from previous compilation.
    0 functions were new in current compilation
    0 functions had inline decision re-evaluated but remain unchanged
  Generación de código finalizada
raylib.lib(audio.obj) : warning LNK4099: no se encontró PDB 'raylib.pdb' con 'raylib.lib(audio.obj)' o en 'D:\Contenido Image\1A2C\Desarrollo de Juegos I\Proyecto-Asteroids\Asteroids\Release\raylib.pdb'; se vinculará el objeto sin tener en cuenta información de depuración
raylib.lib(core.obj) : warning LNK4099: no se encontró PDB 'raylib.pdb' con 'raylib.lib(core.obj)' o en 'D:\Contenido Image\1A2C\Desarrollo de Juegos I\Proyecto-Asteroids\Asteroids\Release\raylib.pdb'; se vinculará el objeto sin tener en cuenta información de depuración
raylib.lib(shapes.obj) : warning LNK4099: no se encontró PDB 'raylib.pdb' con 'raylib.lib(shapes.obj)' o en 'D:\Contenido Image\1A2C\Desarrollo de Juegos I\Proyecto-Asteroids\Asteroids\Release\raylib.pdb'; se vinculará el objeto sin tener en cuenta información de depuración
raylib.lib(text.obj) : warning LNK4099: no se encontró PDB 'raylib.pdb' con 'raylib.lib(text.obj)' o en 'D:\Contenido Image\1A2C\Desarrollo de Juegos I\Proyecto-Asteroids\Asteroids\Release\raylib.pdb'; se vinculará el objeto sin tener en cuenta información de depuración
raylib.lib(textures.obj) : warning LNK4099: no se encontró PDB 'raylib.pdb' con 'raylib.lib(textures.obj)' o en 'D:\Contenido Image\1A2C\Desarrollo de Juegos I\Proyecto-Asteroids\Asteroids\Release\raylib.pdb'; se vinculará el objeto sin tener en cuenta información de depuración
raylib.lib(utils.obj) : warning LNK4099: no se encontró PDB 'raylib.pdb' con 'raylib.lib(utils.obj)' o en 'D:\Contenido Image\1A2C\Desarrollo de Juegos I\Proyecto-Asteroids\Asteroids\Release\raylib.pdb'; se vinculará el objeto sin tener en cuenta información de depuración
raylib.lib(mini_al.obj) : warning LNK4099: no se encontró PDB 'raylib.pdb' con 'raylib.lib(mini_al.obj)' o en 'D:\Contenido Image\1A2C\Desarrollo de Juegos I\Proyecto-Asteroids\Asteroids\Release\raylib.pdb'; se vinculará el objeto sin tener en cuenta información de depuración
raylib.lib(stb_vorbis.obj) : warning LNK4099: no se encontró PDB 'raylib.pdb' con 'raylib.lib(stb_vorbis.obj)' o en 'D:\Contenido Image\1A2C\Desarrollo de Juegos I\Proyecto-Asteroids\Asteroids\Release\raylib.pdb'; se vinculará el objeto sin tener en cuenta información de depuración
raylib.lib(context.obj) : warning LNK4099: no se encontró PDB 'glfw_objlib.pdb' con 'raylib.lib(context.obj)' o en 'D:\Contenido Image\1A2C\Desarrollo de Juegos I\Proyecto-Asteroids\Asteroids\Release\glfw_objlib.pdb'; se vinculará el objeto sin tener en cuenta información de depuración
raylib.lib(init.obj) : warning LNK4099: no se encontró PDB 'glfw_objlib.pdb' con 'raylib.lib(init.obj)' o en 'D:\Contenido Image\1A2C\Desarrollo de Juegos I\Proyecto-Asteroids\Asteroids\Release\glfw_objlib.pdb'; se vinculará el objeto sin tener en cuenta información de depuración
raylib.lib(input.obj) : warning LNK4099: no se encontró PDB 'glfw_objlib.pdb' con 'raylib.lib(input.obj)' o en 'D:\Contenido Image\1A2C\Desarrollo de Juegos I\Proyecto-Asteroids\Asteroids\Release\glfw_objlib.pdb'; se vinculará el objeto sin tener en cuenta información de depuración
raylib.lib(monitor.obj) : warning LNK4099: no se encontró PDB 'glfw_objlib.pdb' con 'raylib.lib(monitor.obj)' o en 'D:\Contenido Image\1A2C\Desarrollo de Juegos I\Proyecto-Asteroids\Asteroids\Release\glfw_objlib.pdb'; se vinculará el objeto sin tener en cuenta información de depuración
raylib.lib(vulkan.obj) : warning LNK4099: no se encontró PDB 'glfw_objlib.pdb' con 'raylib.lib(vulkan.obj)' o en 'D:\Contenido Image\1A2C\Desarrollo de Juegos I\Proyecto-Asteroids\Asteroids\Release\glfw_objlib.pdb'; se vinculará el objeto sin tener en cuenta información de depuración
raylib.lib(window.obj) : warning LNK4099: no se encontró PDB 'glfw_objlib.pdb' con 'raylib.lib(window.obj)' o en 'D:\Contenido Image\1A2C\Desarrollo de Juegos I\Proyecto-Asteroids\Asteroids\Release\glfw_objlib.pdb'; se vinculará el objeto sin tener en cuenta información de depuración
raylib.lib(win32_init.obj) : warning LNK4099: no se encontró PDB 'glfw_objlib.pdb' con 'raylib.lib(win32_init.obj)' o en 'D:\Contenido Image\1A2C\Desarrollo de Juegos I\Proyecto-Asteroids\Asteroids\Release\glfw_objlib.pdb'; se vinculará el objeto sin tener en cuenta información de depuración
raylib.lib(win32_joystick.obj) : warning LNK4099: no se encontró PDB 'glfw_objlib.pdb' con 'raylib.lib(win32_joystick.obj)' o en 'D:\Contenido Image\1A2C\Desarrollo de Juegos I\Proyecto-Asteroids\Asteroids\Release\glfw_objlib.pdb'; se vinculará el objeto sin tener en cuenta información de depuración
raylib.lib(win32_monitor.obj) : warning LNK4099: no se encontró PDB 'glfw_objlib.pdb' con 'raylib.lib(win32_monitor.obj)' o en 'D:\Contenido Image\1A2C\Desarrollo de Juegos I\Proyecto-Asteroids\Asteroids\Release\glfw_objlib.pdb'; se vinculará el objeto sin tener en cuenta información de depuración
raylib.lib(win32_time.obj) : warning LNK4099: no se encontró PDB 'glfw_objlib.pdb' con 'raylib.lib(win32_time.obj)' o en 'D:\Contenido Image\1A2C\Desarrollo de Juegos I\Proyecto-Asteroids\Asteroids\Release\glfw_objlib.pdb'; se vinculará el objeto sin tener en cuenta información de depuración
raylib.lib(win32_thread.obj) : warning LNK4099: no se encontró PDB 'glfw_objlib.pdb' con 'raylib.lib(win32_thread.obj)' o en 'D:\Contenido Image\1A2C\Desarrollo de Juegos I\Proyecto-Asteroids\Asteroids\Release\glfw_objlib.pdb'; se vinculará el objeto sin tener en cuenta información de depuración
raylib.lib(win32_window.obj) : warning LNK4099: no se encontró PDB 'glfw_objlib.pdb' con 'raylib.lib(win32_window.obj)' o en 'D:\Contenido Image\1A2C\Desarrollo de Juegos I\Proyecto-Asteroids\Asteroids\Release\glfw_objlib.pdb'; se vinculará el objeto sin tener en cuenta información de depuración
raylib.lib(wgl_context.obj) : warning LNK4099: no se encontró PDB 'glfw_objlib.pdb' con 'raylib.lib(wgl_context.obj)' o en 'D:\Contenido Image\1A2C\Desarrollo de Juegos I\Proyecto-Asteroids\Asteroids\Release\glfw_objlib.pdb'; se vinculará el objeto sin tener en cuenta información de depuración
raylib.lib(egl_context.obj) : warning LNK4099: no se encontró PDB 'glfw_objlib.pdb' con 'raylib.lib(egl_context.obj)' o en 'D:\Contenido Image\1A2C\Desarrollo de Juegos I\Proyecto-Asteroids\Asteroids\Release\glfw_objlib.pdb'; se vinculará el objeto sin tener en cuenta información de depuración
raylib.lib(osmesa_context.obj) : warning LNK4099: no se encontró PDB 'glfw_objlib.pdb' con 'raylib.lib(osmesa_context.obj)' o en 'D:\Contenido Image\1A2C\Desarrollo de Juegos I\Proyecto-Asteroids\Asteroids\Release\glfw_objlib.pdb'; se vinculará el objeto sin tener en cuenta información de depuración
  asteroids.vcxproj -> D:\Contenido Image\1A2C\Desarrollo de Juegos I\Proyecto-Asteroids\Asteroids\Release\asteroids.exe
  Ya existe el subdirectorio o el archivo D:\Contenido Image\1A2C\Desarrollo de Juegos I\Proyecto-Asteroids\Asteroids\Release\res.
  D:\Contenido Image\1A2C\Desarrollo de Juegos I\Proyecto-Asteroids\Asteroids\res\asteroide.png
  D:\Contenido Image\1A2C\Desarrollo de Juegos I\Proyecto-Asteroids\Asteroids\res\disparo.wav
  D:\Contenido Image\1A2C\Desarrollo de Juegos I\Proyecto-Asteroids\Asteroids\res\explosionAsteroide.wav
  D:\Contenido Image\1A2C\Desarrollo de Juegos I\Proyecto-Asteroids\Asteroids\res\explosionDisparo.wav
  D:\Contenido Image\1A2C\Desarrollo de Juegos I\Proyecto-Asteroids\Asteroids\res\nave.png
  5 archivo(s) copiado(s)
